<?xml version="1.0" encoding="UTF-8"?>
<testsuite name="org.springframework.batch.item.database.support.HibernateNativeQueryProviderIntegrationTests" tests="1" skipped="0" failures="0" errors="0" timestamp="2017-03-23T15:04:10" hostname="Michaels-MacBook-Pro-3.local" time="0.297">
  <properties/>
  <testcase name="shouldRetrieveAndMapAllFoos" classname="org.springframework.batch.item.database.support.HibernateNativeQueryProviderIntegrationTests" time="0.297"/>
  <system-out><![CDATA[2017-03-23 10:04:10,766 INFO Test worker [org.springframework.test.context.support.DefaultTestContextBootstrapper] - <Loaded default TestExecutionListener class names from location [META-INF/spring.factories]: [org.springframework.test.context.web.ServletTestExecutionListener, org.springframework.test.context.support.DirtiesContextBeforeModesTestExecutionListener, org.springframework.test.context.support.DependencyInjectionTestExecutionListener, org.springframework.test.context.support.DirtiesContextTestExecutionListener, org.springframework.test.context.transaction.TransactionalTestExecutionListener, org.springframework.test.context.jdbc.SqlScriptsTestExecutionListener]>
2017-03-23 10:04:10,767 INFO Test worker [org.springframework.test.context.support.DefaultTestContextBootstrapper] - <Could not instantiate TestExecutionListener [org.springframework.test.context.web.ServletTestExecutionListener]. Specify custom listener classes or make the default listener classes (and their required dependencies) available. Offending class: [javax/servlet/ServletContext]>
2017-03-23 10:04:10,767 INFO Test worker [org.springframework.test.context.support.DefaultTestContextBootstrapper] - <Using TestExecutionListeners: [org.springframework.test.context.support.DirtiesContextBeforeModesTestExecutionListener@31f14eb2, org.springframework.test.context.support.DependencyInjectionTestExecutionListener@79b2cd5f, org.springframework.test.context.support.DirtiesContextTestExecutionListener@4ccdd52b, org.springframework.test.context.transaction.TransactionalTestExecutionListener@46053964, org.springframework.test.context.jdbc.SqlScriptsTestExecutionListener@7d3a7bc8]>
2017-03-23 10:04:10,768 INFO Test worker [org.springframework.beans.factory.xml.XmlBeanDefinitionReader] - <Loading XML bean definitions from class path resource [org/springframework/batch/item/database/data-source-context.xml]>
2017-03-23 10:04:10,779 INFO Test worker [org.springframework.context.support.GenericApplicationContext] - <Refreshing org.springframework.context.support.GenericApplicationContext@128d9905: startup date [Thu Mar 23 10:04:10 CDT 2017]; root of context hierarchy>
2017-03-23 10:04:10,782 INFO Test worker [org.springframework.beans.factory.annotation.AutowiredAnnotationBeanPostProcessor] - <JSR-330 'javax.inject.Inject' annotation found and supported for autowiring>
2017-03-23 10:04:10,807 INFO Test worker [org.springframework.jdbc.datasource.DriverManagerDataSource] - <Loaded JDBC driver: org.hsqldb.jdbcDriver>
2017-03-23 10:04:10,836 INFO Test worker [org.springframework.test.context.transaction.TransactionContext] - <Began transaction (1) for test context [DefaultTestContext@3d11f2c2 testClass = HibernateNativeQueryProviderIntegrationTests, testInstance = org.springframework.batch.item.database.support.HibernateNativeQueryProviderIntegrationTests@57757def, testMethod = shouldRetrieveAndMapAllFoos@HibernateNativeQueryProviderIntegrationTests, testException = [null], mergedContextConfiguration = [MergedContextConfiguration@665f3744 testClass = HibernateNativeQueryProviderIntegrationTests, locations = '{classpath:/org/springframework/batch/item/database/data-source-context.xml}', classes = '{}', contextInitializerClasses = '[]', activeProfiles = '{}', propertySourceLocations = '{}', propertySourceProperties = '{}', contextCustomizers = set[[empty]], contextLoader = 'org.springframework.test.context.support.DelegatingSmartContextLoader', parent = [null]], attributes = map[[empty]]]; transaction manager [org.springframework.jdbc.datasource.DataSourceTransactionManager@5d0a3331]; rollback [true]>
[warn 2017/03/23 10:04:10.839 CDT <Test worker> tid=0xc] HHH90000012: Recognized obsolete hibernate namespace http://hibernate.sourceforge.net/hibernate-mapping. Use namespace https://hibernate.org/dtd/hibernate-mapping instead.  Support for obsolete DTD/XSD namespaces may be removed at any time.

[info 2017/03/23 10:04:11.114 CDT <Test worker> tid=0xc] HHH000400: Using dialect: org.hibernate.dialect.HSQLDialect

[info 2017/03/23 10:04:11.128 CDT <Test worker> tid=0xc] HHH000397: Using ASTQueryTranslatorFactory

2017-03-23 10:04:11,132 INFO Test worker [org.springframework.test.context.transaction.TransactionContext] - <Rolled back transaction for test context [DefaultTestContext@3d11f2c2 testClass = HibernateNativeQueryProviderIntegrationTests, testInstance = org.springframework.batch.item.database.support.HibernateNativeQueryProviderIntegrationTests@57757def, testMethod = shouldRetrieveAndMapAllFoos@HibernateNativeQueryProviderIntegrationTests, testException = [null], mergedContextConfiguration = [MergedContextConfiguration@665f3744 testClass = HibernateNativeQueryProviderIntegrationTests, locations = '{classpath:/org/springframework/batch/item/database/data-source-context.xml}', classes = '{}', contextInitializerClasses = '[]', activeProfiles = '{}', propertySourceLocations = '{}', propertySourceProperties = '{}', contextCustomizers = set[[empty]], contextLoader = 'org.springframework.test.context.support.DelegatingSmartContextLoader', parent = [null]], attributes = map[[empty]]].>
]]></system-out>
  <system-err><![CDATA[]]></system-err>
</testsuite>
