<?xml version="1.0" encoding="UTF-8"?>
<testsuite name="org.springframework.batch.item.database.HibernateCursorProjectionItemReaderIntegrationTests" tests="3" skipped="0" failures="0" errors="0" timestamp="2017-03-23T15:03:50" hostname="Michaels-MacBook-Pro-3.local" time="0.62">
  <properties/>
  <testcase name="testSingleItemInProjection" classname="org.springframework.batch.item.database.HibernateCursorProjectionItemReaderIntegrationTests" time="0.202"/>
  <testcase name="testSingleItemInProjectionWithArrayType" classname="org.springframework.batch.item.database.HibernateCursorProjectionItemReaderIntegrationTests" time="0.205"/>
  <testcase name="testMultipleItemsInProjection" classname="org.springframework.batch.item.database.HibernateCursorProjectionItemReaderIntegrationTests" time="0.212"/>
  <system-out><![CDATA[2017-03-23 10:03:50,640 INFO Test worker [org.springframework.test.context.support.DefaultTestContextBootstrapper] - <Loaded default TestExecutionListener class names from location [META-INF/spring.factories]: [org.springframework.test.context.web.ServletTestExecutionListener, org.springframework.test.context.support.DirtiesContextBeforeModesTestExecutionListener, org.springframework.test.context.support.DependencyInjectionTestExecutionListener, org.springframework.test.context.support.DirtiesContextTestExecutionListener, org.springframework.test.context.transaction.TransactionalTestExecutionListener, org.springframework.test.context.jdbc.SqlScriptsTestExecutionListener]>
2017-03-23 10:03:50,641 INFO Test worker [org.springframework.test.context.support.DefaultTestContextBootstrapper] - <Could not instantiate TestExecutionListener [org.springframework.test.context.web.ServletTestExecutionListener]. Specify custom listener classes or make the default listener classes (and their required dependencies) available. Offending class: [javax/servlet/ServletContext]>
2017-03-23 10:03:50,641 INFO Test worker [org.springframework.test.context.support.DefaultTestContextBootstrapper] - <Using TestExecutionListeners: [org.springframework.test.context.support.DirtiesContextBeforeModesTestExecutionListener@72a17dc, org.springframework.test.context.support.DependencyInjectionTestExecutionListener@58f81f4, org.springframework.test.context.support.DirtiesContextTestExecutionListener@1b9f9ca6, org.springframework.test.context.transaction.TransactionalTestExecutionListener@45d77b68, org.springframework.test.context.jdbc.SqlScriptsTestExecutionListener@121410f9]>
2017-03-23 10:03:50,641 INFO Test worker [org.springframework.beans.factory.xml.XmlBeanDefinitionReader] - <Loading XML bean definitions from class path resource [org/springframework/batch/item/database/data-source-context.xml]>
2017-03-23 10:03:50,651 INFO Test worker [org.springframework.context.support.GenericApplicationContext] - <Refreshing org.springframework.context.support.GenericApplicationContext@6b6db36e: startup date [Thu Mar 23 10:03:50 CDT 2017]; root of context hierarchy>
2017-03-23 10:03:50,653 INFO Test worker [org.springframework.beans.factory.annotation.AutowiredAnnotationBeanPostProcessor] - <JSR-330 'javax.inject.Inject' annotation found and supported for autowiring>
2017-03-23 10:03:50,674 INFO Test worker [org.springframework.jdbc.datasource.DriverManagerDataSource] - <Loaded JDBC driver: org.hsqldb.jdbcDriver>
[warn 2017/03/23 10:03:50.696 CDT <Test worker> tid=0xc] HHH90000012: Recognized obsolete hibernate namespace http://hibernate.sourceforge.net/hibernate-mapping. Use namespace https://hibernate.org/dtd/hibernate-mapping instead.  Support for obsolete DTD/XSD namespaces may be removed at any time.

[info 2017/03/23 10:03:50.882 CDT <Test worker> tid=0xc] HHH000400: Using dialect: org.hibernate.dialect.HSQLDialect

[info 2017/03/23 10:03:50.891 CDT <Test worker> tid=0xc] HHH000397: Using ASTQueryTranslatorFactory

[warn 2017/03/23 10:03:50.898 CDT <Test worker> tid=0xc] HHH90000012: Recognized obsolete hibernate namespace http://hibernate.sourceforge.net/hibernate-mapping. Use namespace https://hibernate.org/dtd/hibernate-mapping instead.  Support for obsolete DTD/XSD namespaces may be removed at any time.

[info 2017/03/23 10:03:51.088 CDT <Test worker> tid=0xc] HHH000400: Using dialect: org.hibernate.dialect.HSQLDialect

[info 2017/03/23 10:03:51.098 CDT <Test worker> tid=0xc] HHH000397: Using ASTQueryTranslatorFactory

[warn 2017/03/23 10:03:51.104 CDT <Test worker> tid=0xc] HHH90000012: Recognized obsolete hibernate namespace http://hibernate.sourceforge.net/hibernate-mapping. Use namespace https://hibernate.org/dtd/hibernate-mapping instead.  Support for obsolete DTD/XSD namespaces may be removed at any time.

[info 2017/03/23 10:03:51.297 CDT <Test worker> tid=0xc] HHH000400: Using dialect: org.hibernate.dialect.HSQLDialect

[info 2017/03/23 10:03:51.308 CDT <Test worker> tid=0xc] HHH000397: Using ASTQueryTranslatorFactory

]]></system-out>
  <system-err><![CDATA[]]></system-err>
</testsuite>
