<?xml version="1.0" encoding="UTF-8"?>
<testsuite name="org.springframework.batch.item.database.JpaPagingItemReaderParameterTests" tests="3" skipped="0" failures="0" errors="0" timestamp="2017-03-23T15:04:05" hostname="Michaels-MacBook-Pro-3.local" time="0.009">
  <properties/>
  <testcase name="testReadAfterJumpFirstPage" classname="org.springframework.batch.item.database.JpaPagingItemReaderParameterTests" time="0.005"/>
  <testcase name="testRead" classname="org.springframework.batch.item.database.JpaPagingItemReaderParameterTests" time="0.003"/>
  <testcase name="testReadAfterJumpSecondPage" classname="org.springframework.batch.item.database.JpaPagingItemReaderParameterTests" time="0.001"/>
  <system-out><![CDATA[2017-03-23 10:04:05,082 INFO Test worker [org.springframework.test.context.support.AbstractContextLoader] - <Detected default resource location "classpath:org/springframework/batch/item/database/JpaPagingItemReaderParameterTests-context.xml" for test class [org.springframework.batch.item.database.JpaPagingItemReaderParameterTests]>
2017-03-23 10:04:05,082 INFO Test worker [org.springframework.test.context.support.AbstractDelegatingSmartContextLoader] - <GenericGroovyXmlContextLoader detected default locations for context configuration [ContextConfigurationAttributes@347cc9ec declaringClass = 'org.springframework.batch.item.database.JpaPagingItemReaderParameterTests', classes = '{}', locations = '{classpath:org/springframework/batch/item/database/JpaPagingItemReaderParameterTests-context.xml}', inheritLocations = true, initializers = '{}', inheritInitializers = true, name = [null], contextLoaderClass = 'org.springframework.test.context.ContextLoader'].>
2017-03-23 10:04:05,082 INFO Test worker [org.springframework.test.context.support.AnnotationConfigContextLoaderUtils] - <Could not detect default configuration classes for test class [org.springframework.batch.item.database.JpaPagingItemReaderParameterTests]: JpaPagingItemReaderParameterTests does not declare any static, non-private, non-final, nested classes annotated with @Configuration.>
2017-03-23 10:04:05,083 INFO Test worker [org.springframework.test.context.support.DefaultTestContextBootstrapper] - <Loaded default TestExecutionListener class names from location [META-INF/spring.factories]: [org.springframework.test.context.web.ServletTestExecutionListener, org.springframework.test.context.support.DirtiesContextBeforeModesTestExecutionListener, org.springframework.test.context.support.DependencyInjectionTestExecutionListener, org.springframework.test.context.support.DirtiesContextTestExecutionListener, org.springframework.test.context.transaction.TransactionalTestExecutionListener, org.springframework.test.context.jdbc.SqlScriptsTestExecutionListener]>
2017-03-23 10:04:05,084 INFO Test worker [org.springframework.test.context.support.DefaultTestContextBootstrapper] - <Could not instantiate TestExecutionListener [org.springframework.test.context.web.ServletTestExecutionListener]. Specify custom listener classes or make the default listener classes (and their required dependencies) available. Offending class: [javax/servlet/ServletContext]>
2017-03-23 10:04:05,084 INFO Test worker [org.springframework.test.context.support.DefaultTestContextBootstrapper] - <Using TestExecutionListeners: [org.springframework.test.context.support.DirtiesContextBeforeModesTestExecutionListener@744a05ba, org.springframework.test.context.support.DependencyInjectionTestExecutionListener@6f284545, org.springframework.test.context.support.DirtiesContextTestExecutionListener@135aeba9, org.springframework.test.context.transaction.TransactionalTestExecutionListener@33504fe, org.springframework.test.context.jdbc.SqlScriptsTestExecutionListener@2776a6f7]>
2017-03-23 10:04:05,084 INFO Test worker [org.springframework.beans.factory.xml.XmlBeanDefinitionReader] - <Loading XML bean definitions from class path resource [org/springframework/batch/item/database/JpaPagingItemReaderParameterTests-context.xml]>
2017-03-23 10:04:05,090 INFO Test worker [org.springframework.context.support.GenericApplicationContext] - <Refreshing org.springframework.context.support.GenericApplicationContext@a59dd31: startup date [Thu Mar 23 10:04:05 CDT 2017]; root of context hierarchy>
2017-03-23 10:04:05,092 INFO Test worker [org.springframework.beans.factory.annotation.AutowiredAnnotationBeanPostProcessor] - <JSR-330 'javax.inject.Inject' annotation found and supported for autowiring>
2017-03-23 10:04:05,111 INFO Test worker [org.springframework.jdbc.datasource.DriverManagerDataSource] - <Loaded JDBC driver: org.hsqldb.jdbcDriver>
2017-03-23 10:04:05,115 INFO Test worker [org.springframework.orm.jpa.LocalContainerEntityManagerFactoryBean] - <Building JPA container EntityManagerFactory for persistence unit 'bar'>
[info 2017/03/23 10:04:05.115 CDT <Test worker> tid=0xc] HHH000204: Processing PersistenceUnitInfo [
	name: bar
	...]

[warn 2017/03/23 10:04:05.122 CDT <Test worker> tid=0xc] HHH90000012: Recognized obsolete hibernate namespace http://hibernate.sourceforge.net/hibernate-mapping. Use namespace https://hibernate.org/dtd/hibernate-mapping instead.  Support for obsolete DTD/XSD namespaces may be removed at any time.

[info 2017/03/23 10:04:05.315 CDT <Test worker> tid=0xc] HHH000400: Using dialect: org.hibernate.dialect.HSQLDialect

[info 2017/03/23 10:04:05.325 CDT <Test worker> tid=0xc] HHH000397: Using ASTQueryTranslatorFactory

2017-03-23 10:04:05,326 INFO Test worker [org.springframework.orm.jpa.LocalContainerEntityManagerFactoryBean] - <Initialized JPA EntityManagerFactory for persistence unit 'bar'>
]]></system-out>
  <system-err><![CDATA[]]></system-err>
</testsuite>
