<?xml version="1.0" encoding="UTF-8"?>
<testsuite name="org.springframework.batch.sample.iosample.JpaFunctionalTests" tests="1" skipped="0" failures="0" errors="0" timestamp="2017-03-23T15:06:15" hostname="Michaels-MacBook-Pro-3.local" time="0.222">
  <properties/>
  <testcase name="testUpdateCredit" classname="org.springframework.batch.sample.iosample.JpaFunctionalTests" time="0.222"/>
  <system-out><![CDATA[10:06:13,831  INFO Test worker DefaultTestContextBootstrapper:187 - Using TestExecutionListeners: [org.springframework.test.context.support.DependencyInjectionTestExecutionListener@455da004, org.springframework.batch.test.StepScopeTestExecutionListener@5f6ed960]
10:06:13,832  INFO Test worker XmlBeanDefinitionReader:317 - Loading XML bean definitions from class path resource [simple-job-launcher-context.xml]
10:06:13,855  INFO Test worker XmlBeanDefinitionReader:317 - Loading XML bean definitions from class path resource [data-source-context.xml]
10:06:13,886  INFO Test worker XmlBeanDefinitionReader:317 - Loading XML bean definitions from class path resource [org/springframework/batch/sample/config/common-context.xml]
10:06:13,914  INFO Test worker XmlBeanDefinitionReader:317 - Loading XML bean definitions from class path resource [job-runner-context.xml]
10:06:13,933  INFO Test worker XmlBeanDefinitionReader:317 - Loading XML bean definitions from class path resource [jobs/ioSampleJob.xml]
10:06:13,954  INFO Test worker XmlBeanDefinitionReader:317 - Loading XML bean definitions from class path resource [jobs/iosample/jpa.xml]
10:06:13,963  INFO Test worker DefaultListableBeanFactory:818 - Overriding bean definition for bean 'transactionManager' with a different definition: replacing [Generic bean: class [org.springframework.jdbc.datasource.DataSourceTransactionManager]; scope=; abstract=false; lazyInit=true; autowireMode=0; dependencyCheck=0; autowireCandidate=true; primary=false; factoryBeanName=null; factoryMethodName=null; initMethodName=null; destroyMethodName=null; defined in class path resource [data-source-context.xml]] with [Generic bean: class [org.springframework.orm.jpa.JpaTransactionManager]; scope=; abstract=false; lazyInit=false; autowireMode=0; dependencyCheck=0; autowireCandidate=true; primary=false; factoryBeanName=null; factoryMethodName=null; initMethodName=null; destroyMethodName=null; defined in class path resource [jobs/iosample/jpa.xml]]
10:06:13,965  INFO Test worker DefaultListableBeanFactory:818 - Overriding bean definition for bean 'jobRepository' with a different definition: replacing [Generic bean: class [org.springframework.batch.core.repository.support.JobRepositoryFactoryBean]; scope=; abstract=false; lazyInit=false; autowireMode=0; dependencyCheck=0; autowireCandidate=true; primary=false; factoryBeanName=null; factoryMethodName=null; initMethodName=null; destroyMethodName=null; defined in class path resource [simple-job-launcher-context.xml]] with [Generic bean: class [org.springframework.batch.core.repository.support.JobRepositoryFactoryBean]; scope=; abstract=false; lazyInit=false; autowireMode=0; dependencyCheck=0; autowireCandidate=true; primary=false; factoryBeanName=null; factoryMethodName=null; initMethodName=null; destroyMethodName=null; defined in class path resource [jobs/iosample/jpa.xml]]
10:06:13,966  INFO Test worker GenericApplicationContext:581 - Refreshing org.springframework.context.support.GenericApplicationContext@270683b7: startup date [Thu Mar 23 10:06:13 CDT 2017]; root of context hierarchy
10:06:14,070  INFO Test worker AutowiredAnnotationBeanPostProcessor:151 - JSR-330 'javax.inject.Inject' annotation found and supported for autowiring
10:06:14,110  INFO Test worker PostProcessorRegistrationDelegate$BeanPostProcessorChecker:325 - Bean 'jobRegistry' of type [class org.springframework.batch.core.configuration.support.MapJobRegistry] is not eligible for getting processed by all BeanPostProcessors (for example: not eligible for auto-proxying)
10:06:14,197  INFO Test worker LocalContainerEntityManagerFactoryBean:347 - Building JPA container EntityManagerFactory for persistence unit 'customerCredit'
[info 2017/03/23 10:06:14.214 CDT <Test worker> tid=0xc] HHH000204: Processing PersistenceUnitInfo [
	name: customerCredit
	...]

[warn 2017/03/23 10:06:14.260 CDT <Test worker> tid=0xc] HHH90000012: Recognized obsolete hibernate namespace http://hibernate.sourceforge.net/hibernate-mapping. Use namespace https://hibernate.org/dtd/hibernate-mapping instead.  Support for obsolete DTD/XSD namespaces may be removed at any time.

[info 2017/03/23 10:06:14.840 CDT <Test worker> tid=0xc] HHH000400: Using dialect: org.hibernate.dialect.HSQLDialect

10:06:14,960  INFO Test worker LocalContainerEntityManagerFactoryBean:379 - Initialized JPA EntityManagerFactory for persistence unit 'customerCredit'
10:06:14,984  INFO Test worker ScriptUtils:442 - Executing SQL script from class path resource [org/springframework/batch/core/schema-drop-hsqldb.sql]
10:06:14,989  INFO Test worker ScriptUtils:508 - Executed SQL script from class path resource [org/springframework/batch/core/schema-drop-hsqldb.sql] in 5 ms.
10:06:14,989  INFO Test worker ScriptUtils:442 - Executing SQL script from class path resource [org/springframework/batch/core/schema-hsqldb.sql]
10:06:14,995  INFO Test worker ScriptUtils:508 - Executed SQL script from class path resource [org/springframework/batch/core/schema-hsqldb.sql] in 6 ms.
10:06:14,998  INFO Test worker ScriptUtils:442 - Executing SQL script from class path resource [business-schema-hsqldb.sql]
10:06:15,006  INFO Test worker ScriptUtils:508 - Executed SQL script from class path resource [business-schema-hsqldb.sql] in 8 ms.
10:06:15,067  INFO Test worker JobRepositoryFactoryBean:184 - No database type set, using meta data indicating: HSQL
10:06:15,070  INFO Test worker SimpleJobLauncher:201 - No TaskExecutor has been set, defaulting to synchronous executor.
[info 2017/03/23 10:06:15.298 CDT <Test worker> tid=0xc] HHH000397: Using ASTQueryTranslatorFactory

10:06:15,346  INFO Test worker SimpleJobLauncher:139 - Job: [FlowJob: [name=ioSampleJob]] launched with the following parameters: [{random=738219}]
10:06:15,370  INFO Test worker SimpleStepHandler:146 - Executing step: [step1]
10:06:15,452  INFO Test worker SimpleJobLauncher:142 - Job: [FlowJob: [name=ioSampleJob]] completed with the following parameters: [{random=738219}] and the following status: [COMPLETED]
]]></system-out>
  <system-err><![CDATA[]]></system-err>
</testsuite>
