<?xml version="1.0" encoding="UTF-8"?>
<testsuite name="org.springframework.batch.sample.iosample.RepositoryFunctionalTests" tests="1" skipped="0" failures="0" errors="0" timestamp="2017-03-23T15:06:18" hostname="Michaels-MacBook-Pro-3.local" time="0.281">
  <properties/>
  <testcase name="testUpdateCredit" classname="org.springframework.batch.sample.iosample.RepositoryFunctionalTests" time="0.281"/>
  <system-out><![CDATA[10:06:16,658  INFO Test worker DefaultTestContextBootstrapper:187 - Using TestExecutionListeners: [org.springframework.test.context.support.DependencyInjectionTestExecutionListener@494061fc, org.springframework.batch.test.StepScopeTestExecutionListener@f7ce7ef]
10:06:16,659  INFO Test worker XmlBeanDefinitionReader:317 - Loading XML bean definitions from class path resource [simple-job-launcher-context.xml]
10:06:16,670  INFO Test worker XmlBeanDefinitionReader:317 - Loading XML bean definitions from class path resource [data-source-context.xml]
10:06:16,685  INFO Test worker XmlBeanDefinitionReader:317 - Loading XML bean definitions from class path resource [org/springframework/batch/sample/config/common-context.xml]
10:06:16,693  INFO Test worker XmlBeanDefinitionReader:317 - Loading XML bean definitions from class path resource [job-runner-context.xml]
10:06:16,705  INFO Test worker XmlBeanDefinitionReader:317 - Loading XML bean definitions from class path resource [jobs/ioSampleJob.xml]
10:06:16,719  INFO Test worker XmlBeanDefinitionReader:317 - Loading XML bean definitions from class path resource [jobs/iosample/repository.xml]
10:06:16,951  INFO Test worker RepositoryConfigurationDelegate:170 - Multiple Spring Data modules found, entering strict repository configuration mode!
10:06:17,045  INFO Test worker DefaultListableBeanFactory:818 - Overriding bean definition for bean 'transactionManager' with a different definition: replacing [Generic bean: class [org.springframework.jdbc.datasource.DataSourceTransactionManager]; scope=; abstract=false; lazyInit=true; autowireMode=0; dependencyCheck=0; autowireCandidate=true; primary=false; factoryBeanName=null; factoryMethodName=null; initMethodName=null; destroyMethodName=null; defined in class path resource [data-source-context.xml]] with [Generic bean: class [org.springframework.orm.jpa.JpaTransactionManager]; scope=; abstract=false; lazyInit=false; autowireMode=0; dependencyCheck=0; autowireCandidate=true; primary=false; factoryBeanName=null; factoryMethodName=null; initMethodName=null; destroyMethodName=null; defined in class path resource [jobs/iosample/repository.xml]]
10:06:17,046  INFO Test worker DefaultListableBeanFactory:818 - Overriding bean definition for bean 'jobRepository' with a different definition: replacing [Generic bean: class [org.springframework.batch.core.repository.support.JobRepositoryFactoryBean]; scope=; abstract=false; lazyInit=false; autowireMode=0; dependencyCheck=0; autowireCandidate=true; primary=false; factoryBeanName=null; factoryMethodName=null; initMethodName=null; destroyMethodName=null; defined in class path resource [simple-job-launcher-context.xml]] with [Generic bean: class [org.springframework.batch.core.repository.support.JobRepositoryFactoryBean]; scope=; abstract=false; lazyInit=false; autowireMode=0; dependencyCheck=0; autowireCandidate=true; primary=false; factoryBeanName=null; factoryMethodName=null; initMethodName=null; destroyMethodName=null; defined in class path resource [jobs/iosample/repository.xml]]
10:06:17,047  INFO Test worker GenericApplicationContext:581 - Refreshing org.springframework.context.support.GenericApplicationContext@39fe5a84: startup date [Thu Mar 23 10:06:17 CDT 2017]; root of context hierarchy
10:06:17,112  INFO Test worker DefaultListableBeanFactory:818 - Overriding bean definition for bean 'itemReader' with a different definition: replacing [Generic bean: class [org.springframework.batch.item.data.RepositoryItemReader]; scope=step; abstract=false; lazyInit=false; autowireMode=0; dependencyCheck=0; autowireCandidate=false; primary=false; factoryBeanName=null; factoryMethodName=null; initMethodName=null; destroyMethodName=null; defined in class path resource [jobs/iosample/repository.xml]] with [Root bean: class [org.springframework.aop.scope.ScopedProxyFactoryBean]; scope=; abstract=false; lazyInit=false; autowireMode=0; dependencyCheck=0; autowireCandidate=true; primary=false; factoryBeanName=null; factoryMethodName=null; initMethodName=null; destroyMethodName=null; defined in BeanDefinition defined in class path resource [jobs/iosample/repository.xml]]
10:06:17,130  INFO Test worker AutowiredAnnotationBeanPostProcessor:151 - JSR-330 'javax.inject.Inject' annotation found and supported for autowiring
10:06:17,155  INFO Test worker PostProcessorRegistrationDelegate$BeanPostProcessorChecker:325 - Bean 'jobRegistry' of type [class org.springframework.batch.core.configuration.support.MapJobRegistry] is not eligible for getting processed by all BeanPostProcessors (for example: not eligible for auto-proxying)
10:06:17,173  INFO Test worker LocalContainerEntityManagerFactoryBean:347 - Building JPA container EntityManagerFactory for persistence unit 'customerCredit'
[info 2017/03/23 10:06:17.174 CDT <Test worker> tid=0xc] HHH000204: Processing PersistenceUnitInfo [
	name: customerCredit
	...]

[warn 2017/03/23 10:06:17.188 CDT <Test worker> tid=0xc] HHH90000012: Recognized obsolete hibernate namespace http://hibernate.sourceforge.net/hibernate-mapping. Use namespace https://hibernate.org/dtd/hibernate-mapping instead.  Support for obsolete DTD/XSD namespaces may be removed at any time.

[info 2017/03/23 10:06:17.597 CDT <Test worker> tid=0xc] HHH000400: Using dialect: org.hibernate.dialect.HSQLDialect

10:06:17,635  INFO Test worker LocalContainerEntityManagerFactoryBean:379 - Initialized JPA EntityManagerFactory for persistence unit 'customerCredit'
10:06:17,648  INFO Test worker ScriptUtils:442 - Executing SQL script from class path resource [org/springframework/batch/core/schema-drop-hsqldb.sql]
10:06:17,653  INFO Test worker ScriptUtils:508 - Executed SQL script from class path resource [org/springframework/batch/core/schema-drop-hsqldb.sql] in 4 ms.
10:06:17,653  INFO Test worker ScriptUtils:442 - Executing SQL script from class path resource [org/springframework/batch/core/schema-hsqldb.sql]
10:06:17,657  INFO Test worker ScriptUtils:508 - Executed SQL script from class path resource [org/springframework/batch/core/schema-hsqldb.sql] in 4 ms.
10:06:17,657  INFO Test worker ScriptUtils:442 - Executing SQL script from class path resource [business-schema-hsqldb.sql]
10:06:17,662  INFO Test worker ScriptUtils:508 - Executed SQL script from class path resource [business-schema-hsqldb.sql] in 4 ms.
10:06:17,677  INFO Test worker JobRepositoryFactoryBean:184 - No database type set, using meta data indicating: HSQL
10:06:17,678  INFO Test worker SimpleJobLauncher:201 - No TaskExecutor has been set, defaulting to synchronous executor.
[info 2017/03/23 10:06:18.252 CDT <Test worker> tid=0xc] HHH000397: Using ASTQueryTranslatorFactory

10:06:18,370  INFO Test worker SimpleJobLauncher:139 - Job: [FlowJob: [name=ioSampleJob]] launched with the following parameters: [{random=80470, credit=10000}]
10:06:18,383  INFO Test worker SimpleStepHandler:146 - Executing step: [step1]
10:06:18,434  INFO Test worker SimpleJobLauncher:142 - Job: [FlowJob: [name=ioSampleJob]] completed with the following parameters: [{random=80470, credit=10000}] and the following status: [COMPLETED]
]]></system-out>
  <system-err><![CDATA[]]></system-err>
</testsuite>
