<?xml version="1.0" encoding="UTF-8"?>
<testsuite name="org.springframework.batch.item.data.Neo4j4ItemReaderTests" tests="5" skipped="0" failures="0" errors="0" timestamp="2017-03-09T19:43:29" hostname="Michaels-MacBook-Pro-3.local" time="0.265">
  <properties/>
  <testcase name="testNoResults" classname="org.springframework.batch.item.data.Neo4j4ItemReaderTests" time="0.259"/>
  <testcase name="testResultsWithMatchAndWhere" classname="org.springframework.batch.item.data.Neo4j4ItemReaderTests" time="0.002"/>
  <testcase name="testResultsWithMatchAndWhereWithParameters" classname="org.springframework.batch.item.data.Neo4j4ItemReaderTests" time="0.001"/>
  <testcase name="testAfterPropertiesSet" classname="org.springframework.batch.item.data.Neo4j4ItemReaderTests" time="0.001"/>
  <testcase name="testNullResults" classname="org.springframework.batch.item.data.Neo4j4ItemReaderTests" time="0.001"/>
  <system-out><![CDATA[]]></system-out>
  <system-err><![CDATA[SLF4J: Failed to load class "org.slf4j.impl.StaticLoggerBinder".
SLF4J: Defaulting to no-operation (NOP) logger implementation
SLF4J: See https://www.slf4j.org/codes.html#StaticLoggerBinder for further details.
]]></system-err>
</testsuite>
